[0.398s] DEBUG:colcon:Command line arguments: ['/usr/bin/colcon', 'build', '--packages-select', 'bboxes_ex_msgs', 'game_msgs', 'README.md', 'rmctrl_msgs']
[0.399s] DEBUG:colcon:Parsed command line arguments: Namespace(log_base=None, log_level=None, verb_name='build', build_base='build', install_base='install', merge_install=False, symlink_install=False, test_result_base=None, continue_on_error=False, executor='parallel', parallel_workers=16, event_handlers=None, ignore_user_meta=False, metas=['./colcon.meta'], base_paths=['.'], packages_ignore=None, packages_ignore_regex=None, paths=None, packages_up_to=None, packages_up_to_regex=None, packages_above=None, packages_above_and_dependencies=None, packages_above_depth=None, packages_select_by_dep=None, packages_skip_by_dep=None, packages_skip_up_to=None, packages_select_build_failed=False, packages_skip_build_finished=False, packages_select_test_failures=False, packages_skip_test_passed=False, packages_select=['bboxes_ex_msgs', 'game_msgs', 'README.md', 'rmctrl_msgs'], packages_skip=None, packages_select_regex=None, packages_skip_regex=None, packages_start=None, packages_end=None, allow_overriding=[], cmake_args=None, cmake_target=None, cmake_target_skip_unavailable=False, cmake_clean_cache=False, cmake_clean_first=False, cmake_force_configure=False, ament_cmake_args=None, catkin_cmake_args=None, catkin_skip_building_tests=False, verb_parser=<colcon_defaults.argument_parser.defaults.DefaultArgumentsDecorator object at 0x7f49494caa40>, verb_extension=<colcon_core.verb.build.BuildVerb object at 0x7f4949e82560>, main=<bound method BuildVerb.main of <colcon_core.verb.build.BuildVerb object at 0x7f4949e82560>>)
[0.476s] Level 1:colcon.colcon_core.package_discovery:discover_packages(colcon_meta) check parameters
[0.478s] Level 1:colcon.colcon_core.package_discovery:discover_packages(recursive) check parameters
[0.479s] Level 1:colcon.colcon_core.package_discovery:discover_packages(ignore) check parameters
[0.480s] Level 1:colcon.colcon_core.package_discovery:discover_packages(path) check parameters
[0.482s] Level 1:colcon.colcon_core.package_discovery:discover_packages(colcon_meta) discover
[0.483s] Level 1:colcon.colcon_core.package_discovery:discover_packages(recursive) discover
[0.485s] INFO:colcon.colcon_core.package_discovery:Crawling recursively for packages in '/mnt/hgfs/bubble/src/bubble_documentation'
[0.490s] Level 1:colcon.colcon_core.package_identification:_identify(.) by extensions ['ignore', 'ignore_ament_install']
[0.491s] Level 1:colcon.colcon_core.package_identification:_identify(.) by extension 'ignore'
[0.493s] Level 1:colcon.colcon_core.package_identification:_identify(.) by extension 'ignore_ament_install'
[0.497s] Level 1:colcon.colcon_core.package_identification:_identify(.) by extensions ['colcon_pkg']
[0.497s] Level 1:colcon.colcon_core.package_identification:_identify(.) by extension 'colcon_pkg'
[0.500s] Level 1:colcon.colcon_core.package_identification:_identify(.) by extensions ['colcon_meta']
[0.501s] Level 1:colcon.colcon_core.package_identification:_identify(.) by extension 'colcon_meta'
[0.501s] Level 1:colcon.colcon_core.package_identification:_identify(.) by extensions ['ros']
[0.502s] Level 1:colcon.colcon_core.package_identification:_identify(.) by extension 'ros'
[0.539s] Level 1:colcon.colcon_core.package_identification:_identify(.) by extensions ['cmake', 'python']
[0.541s] Level 1:colcon.colcon_core.package_identification:_identify(.) by extension 'cmake'
[0.543s] Level 1:colcon.colcon_core.package_identification:_identify(.) by extension 'python'
[0.546s] Level 1:colcon.colcon_core.package_identification:_identify(.) by extensions ['python_setup_py']
[0.547s] Level 1:colcon.colcon_core.package_identification:_identify(.) by extension 'python_setup_py'
[0.553s] Level 1:colcon.colcon_core.package_identification:_identify(build) by extensions ['ignore', 'ignore_ament_install']
[0.553s] Level 1:colcon.colcon_core.package_identification:_identify(build) by extension 'ignore'
[0.555s] Level 1:colcon.colcon_core.package_identification:_identify(build) ignored
[0.563s] Level 1:colcon.colcon_core.package_identification:_identify(docs) by extensions ['ignore', 'ignore_ament_install']
[0.563s] Level 1:colcon.colcon_core.package_identification:_identify(docs) by extension 'ignore'
[0.567s] Level 1:colcon.colcon_core.package_identification:_identify(docs) by extension 'ignore_ament_install'
[0.570s] Level 1:colcon.colcon_core.package_identification:_identify(docs) by extensions ['colcon_pkg']
[0.571s] Level 1:colcon.colcon_core.package_identification:_identify(docs) by extension 'colcon_pkg'
[0.574s] Level 1:colcon.colcon_core.package_identification:_identify(docs) by extensions ['colcon_meta']
[0.575s] Level 1:colcon.colcon_core.package_identification:_identify(docs) by extension 'colcon_meta'
[0.577s] Level 1:colcon.colcon_core.package_identification:_identify(docs) by extensions ['ros']
[0.578s] Level 1:colcon.colcon_core.package_identification:_identify(docs) by extension 'ros'
[0.583s] Level 1:colcon.colcon_core.package_identification:_identify(docs) by extensions ['cmake', 'python']
[0.583s] Level 1:colcon.colcon_core.package_identification:_identify(docs) by extension 'cmake'
[0.586s] Level 1:colcon.colcon_core.package_identification:_identify(docs) by extension 'python'
[0.587s] Level 1:colcon.colcon_core.package_identification:_identify(docs) by extensions ['python_setup_py']
[0.588s] Level 1:colcon.colcon_core.package_identification:_identify(docs) by extension 'python_setup_py'
[0.595s] Level 1:colcon.colcon_core.package_identification:_identify(docs/API-docs) by extensions ['ignore', 'ignore_ament_install']
[0.596s] Level 1:colcon.colcon_core.package_identification:_identify(docs/API-docs) by extension 'ignore'
[0.598s] Level 1:colcon.colcon_core.package_identification:_identify(docs/API-docs) by extension 'ignore_ament_install'
[0.601s] Level 1:colcon.colcon_core.package_identification:_identify(docs/API-docs) by extensions ['colcon_pkg']
[0.602s] Level 1:colcon.colcon_core.package_identification:_identify(docs/API-docs) by extension 'colcon_pkg'
[0.605s] Level 1:colcon.colcon_core.package_identification:_identify(docs/API-docs) by extensions ['colcon_meta']
[0.605s] Level 1:colcon.colcon_core.package_identification:_identify(docs/API-docs) by extension 'colcon_meta'
[0.606s] Level 1:colcon.colcon_core.package_identification:_identify(docs/API-docs) by extensions ['ros']
[0.608s] Level 1:colcon.colcon_core.package_identification:_identify(docs/API-docs) by extension 'ros'
[0.612s] Level 1:colcon.colcon_core.package_identification:_identify(docs/API-docs) by extensions ['cmake', 'python']
[0.613s] Level 1:colcon.colcon_core.package_identification:_identify(docs/API-docs) by extension 'cmake'
[0.616s] Level 1:colcon.colcon_core.package_identification:_identify(docs/API-docs) by extension 'python'
[0.619s] Level 1:colcon.colcon_core.package_identification:_identify(docs/API-docs) by extensions ['python_setup_py']
[0.620s] Level 1:colcon.colcon_core.package_identification:_identify(docs/API-docs) by extension 'python_setup_py'
[0.627s] Level 1:colcon.colcon_core.package_identification:_identify(docs/_images) by extensions ['ignore', 'ignore_ament_install']
[0.627s] Level 1:colcon.colcon_core.package_identification:_identify(docs/_images) by extension 'ignore'
[0.630s] Level 1:colcon.colcon_core.package_identification:_identify(docs/_images) by extension 'ignore_ament_install'
[0.633s] Level 1:colcon.colcon_core.package_identification:_identify(docs/_images) by extensions ['colcon_pkg']
[0.633s] Level 1:colcon.colcon_core.package_identification:_identify(docs/_images) by extension 'colcon_pkg'
[0.636s] Level 1:colcon.colcon_core.package_identification:_identify(docs/_images) by extensions ['colcon_meta']
[0.637s] Level 1:colcon.colcon_core.package_identification:_identify(docs/_images) by extension 'colcon_meta'
[0.638s] Level 1:colcon.colcon_core.package_identification:_identify(docs/_images) by extensions ['ros']
[0.639s] Level 1:colcon.colcon_core.package_identification:_identify(docs/_images) by extension 'ros'
[0.644s] Level 1:colcon.colcon_core.package_identification:_identify(docs/_images) by extensions ['cmake', 'python']
[0.644s] Level 1:colcon.colcon_core.package_identification:_identify(docs/_images) by extension 'cmake'
[0.647s] Level 1:colcon.colcon_core.package_identification:_identify(docs/_images) by extension 'python'
[0.649s] Level 1:colcon.colcon_core.package_identification:_identify(docs/_images) by extensions ['python_setup_py']
[0.651s] Level 1:colcon.colcon_core.package_identification:_identify(docs/_images) by extension 'python_setup_py'
[0.664s] Level 1:colcon.colcon_core.package_identification:_identify(docs/_images/math) by extensions ['ignore', 'ignore_ament_install']
[0.664s] Level 1:colcon.colcon_core.package_identification:_identify(docs/_images/math) by extension 'ignore'
[0.667s] Level 1:colcon.colcon_core.package_identification:_identify(docs/_images/math) by extension 'ignore_ament_install'
[0.670s] Level 1:colcon.colcon_core.package_identification:_identify(docs/_images/math) by extensions ['colcon_pkg']
[0.670s] Level 1:colcon.colcon_core.package_identification:_identify(docs/_images/math) by extension 'colcon_pkg'
[0.673s] Level 1:colcon.colcon_core.package_identification:_identify(docs/_images/math) by extensions ['colcon_meta']
[0.673s] Level 1:colcon.colcon_core.package_identification:_identify(docs/_images/math) by extension 'colcon_meta'
[0.674s] Level 1:colcon.colcon_core.package_identification:_identify(docs/_images/math) by extensions ['ros']
[0.676s] Level 1:colcon.colcon_core.package_identification:_identify(docs/_images/math) by extension 'ros'
[0.680s] Level 1:colcon.colcon_core.package_identification:_identify(docs/_images/math) by extensions ['cmake', 'python']
[0.681s] Level 1:colcon.colcon_core.package_identification:_identify(docs/_images/math) by extension 'cmake'
[0.684s] Level 1:colcon.colcon_core.package_identification:_identify(docs/_images/math) by extension 'python'
[0.686s] Level 1:colcon.colcon_core.package_identification:_identify(docs/_images/math) by extensions ['python_setup_py']
[0.686s] Level 1:colcon.colcon_core.package_identification:_identify(docs/_images/math) by extension 'python_setup_py'
[0.693s] Level 1:colcon.colcon_core.package_identification:_identify(docs/_sources) by extensions ['ignore', 'ignore_ament_install']
[0.694s] Level 1:colcon.colcon_core.package_identification:_identify(docs/_sources) by extension 'ignore'
[0.697s] Level 1:colcon.colcon_core.package_identification:_identify(docs/_sources) by extension 'ignore_ament_install'
[0.699s] Level 1:colcon.colcon_core.package_identification:_identify(docs/_sources) by extensions ['colcon_pkg']
[0.699s] Level 1:colcon.colcon_core.package_identification:_identify(docs/_sources) by extension 'colcon_pkg'
[0.702s] Level 1:colcon.colcon_core.package_identification:_identify(docs/_sources) by extensions ['colcon_meta']
[0.703s] Level 1:colcon.colcon_core.package_identification:_identify(docs/_sources) by extension 'colcon_meta'
[0.704s] Level 1:colcon.colcon_core.package_identification:_identify(docs/_sources) by extensions ['ros']
[0.706s] Level 1:colcon.colcon_core.package_identification:_identify(docs/_sources) by extension 'ros'
[0.710s] Level 1:colcon.colcon_core.package_identification:_identify(docs/_sources) by extensions ['cmake', 'python']
[0.711s] Level 1:colcon.colcon_core.package_identification:_identify(docs/_sources) by extension 'cmake'
[0.714s] Level 1:colcon.colcon_core.package_identification:_identify(docs/_sources) by extension 'python'
[0.716s] Level 1:colcon.colcon_core.package_identification:_identify(docs/_sources) by extensions ['python_setup_py']
[0.717s] Level 1:colcon.colcon_core.package_identification:_identify(docs/_sources) by extension 'python_setup_py'
[0.722s] Level 1:colcon.colcon_core.package_identification:_identify(docs/_sources/API-docs) by extensions ['ignore', 'ignore_ament_install']
[0.723s] Level 1:colcon.colcon_core.package_identification:_identify(docs/_sources/API-docs) by extension 'ignore'
[0.726s] Level 1:colcon.colcon_core.package_identification:_identify(docs/_sources/API-docs) by extension 'ignore_ament_install'
[0.729s] Level 1:colcon.colcon_core.package_identification:_identify(docs/_sources/API-docs) by extensions ['colcon_pkg']
[0.729s] Level 1:colcon.colcon_core.package_identification:_identify(docs/_sources/API-docs) by extension 'colcon_pkg'
[0.732s] Level 1:colcon.colcon_core.package_identification:_identify(docs/_sources/API-docs) by extensions ['colcon_meta']
[0.733s] Level 1:colcon.colcon_core.package_identification:_identify(docs/_sources/API-docs) by extension 'colcon_meta'
[0.734s] Level 1:colcon.colcon_core.package_identification:_identify(docs/_sources/API-docs) by extensions ['ros']
[0.736s] Level 1:colcon.colcon_core.package_identification:_identify(docs/_sources/API-docs) by extension 'ros'
[0.740s] Level 1:colcon.colcon_core.package_identification:_identify(docs/_sources/API-docs) by extensions ['cmake', 'python']
[0.741s] Level 1:colcon.colcon_core.package_identification:_identify(docs/_sources/API-docs) by extension 'cmake'
[0.744s] Level 1:colcon.colcon_core.package_identification:_identify(docs/_sources/API-docs) by extension 'python'
[0.746s] Level 1:colcon.colcon_core.package_identification:_identify(docs/_sources/API-docs) by extensions ['python_setup_py']
[0.746s] Level 1:colcon.colcon_core.package_identification:_identify(docs/_sources/API-docs) by extension 'python_setup_py'
[0.751s] Level 1:colcon.colcon_core.package_identification:_identify(docs/_sources/design) by extensions ['ignore', 'ignore_ament_install']
[0.752s] Level 1:colcon.colcon_core.package_identification:_identify(docs/_sources/design) by extension 'ignore'
[0.755s] Level 1:colcon.colcon_core.package_identification:_identify(docs/_sources/design) by extension 'ignore_ament_install'
[0.758s] Level 1:colcon.colcon_core.package_identification:_identify(docs/_sources/design) by extensions ['colcon_pkg']
[0.758s] Level 1:colcon.colcon_core.package_identification:_identify(docs/_sources/design) by extension 'colcon_pkg'
[0.762s] Level 1:colcon.colcon_core.package_identification:_identify(docs/_sources/design) by extensions ['colcon_meta']
[0.762s] Level 1:colcon.colcon_core.package_identification:_identify(docs/_sources/design) by extension 'colcon_meta'
[0.764s] Level 1:colcon.colcon_core.package_identification:_identify(docs/_sources/design) by extensions ['ros']
[0.765s] Level 1:colcon.colcon_core.package_identification:_identify(docs/_sources/design) by extension 'ros'
[0.769s] Level 1:colcon.colcon_core.package_identification:_identify(docs/_sources/design) by extensions ['cmake', 'python']
[0.769s] Level 1:colcon.colcon_core.package_identification:_identify(docs/_sources/design) by extension 'cmake'
[0.772s] Level 1:colcon.colcon_core.package_identification:_identify(docs/_sources/design) by extension 'python'
[0.774s] Level 1:colcon.colcon_core.package_identification:_identify(docs/_sources/design) by extensions ['python_setup_py']
[0.774s] Level 1:colcon.colcon_core.package_identification:_identify(docs/_sources/design) by extension 'python_setup_py'
[0.779s] Level 1:colcon.colcon_core.package_identification:_identify(docs/_sources/getting_started) by extensions ['ignore', 'ignore_ament_install']
[0.780s] Level 1:colcon.colcon_core.package_identification:_identify(docs/_sources/getting_started) by extension 'ignore'
[0.783s] Level 1:colcon.colcon_core.package_identification:_identify(docs/_sources/getting_started) by extension 'ignore_ament_install'
[0.786s] Level 1:colcon.colcon_core.package_identification:_identify(docs/_sources/getting_started) by extensions ['colcon_pkg']
[0.786s] Level 1:colcon.colcon_core.package_identification:_identify(docs/_sources/getting_started) by extension 'colcon_pkg'
[0.789s] Level 1:colcon.colcon_core.package_identification:_identify(docs/_sources/getting_started) by extensions ['colcon_meta']
[0.789s] Level 1:colcon.colcon_core.package_identification:_identify(docs/_sources/getting_started) by extension 'colcon_meta'
[0.790s] Level 1:colcon.colcon_core.package_identification:_identify(docs/_sources/getting_started) by extensions ['ros']
[0.792s] Level 1:colcon.colcon_core.package_identification:_identify(docs/_sources/getting_started) by extension 'ros'
[0.796s] Level 1:colcon.colcon_core.package_identification:_identify(docs/_sources/getting_started) by extensions ['cmake', 'python']
[0.796s] Level 1:colcon.colcon_core.package_identification:_identify(docs/_sources/getting_started) by extension 'cmake'
[0.800s] Level 1:colcon.colcon_core.package_identification:_identify(docs/_sources/getting_started) by extension 'python'
[0.802s] Level 1:colcon.colcon_core.package_identification:_identify(docs/_sources/getting_started) by extensions ['python_setup_py']
[0.802s] Level 1:colcon.colcon_core.package_identification:_identify(docs/_sources/getting_started) by extension 'python_setup_py'
[0.807s] Level 1:colcon.colcon_core.package_identification:_identify(docs/_sources/guide) by extensions ['ignore', 'ignore_ament_install']
[0.807s] Level 1:colcon.colcon_core.package_identification:_identify(docs/_sources/guide) by extension 'ignore'
[0.811s] Level 1:colcon.colcon_core.package_identification:_identify(docs/_sources/guide) by extension 'ignore_ament_install'
[0.813s] Level 1:colcon.colcon_core.package_identification:_identify(docs/_sources/guide) by extensions ['colcon_pkg']
[0.813s] Level 1:colcon.colcon_core.package_identification:_identify(docs/_sources/guide) by extension 'colcon_pkg'
[0.816s] Level 1:colcon.colcon_core.package_identification:_identify(docs/_sources/guide) by extensions ['colcon_meta']
[0.817s] Level 1:colcon.colcon_core.package_identification:_identify(docs/_sources/guide) by extension 'colcon_meta'
[0.818s] Level 1:colcon.colcon_core.package_identification:_identify(docs/_sources/guide) by extensions ['ros']
[0.820s] Level 1:colcon.colcon_core.package_identification:_identify(docs/_sources/guide) by extension 'ros'
[0.824s] Level 1:colcon.colcon_core.package_identification:_identify(docs/_sources/guide) by extensions ['cmake', 'python']
[0.824s] Level 1:colcon.colcon_core.package_identification:_identify(docs/_sources/guide) by extension 'cmake'
[0.827s] Level 1:colcon.colcon_core.package_identification:_identify(docs/_sources/guide) by extension 'python'
[0.829s] Level 1:colcon.colcon_core.package_identification:_identify(docs/_sources/guide) by extensions ['python_setup_py']
[0.830s] Level 1:colcon.colcon_core.package_identification:_identify(docs/_sources/guide) by extension 'python_setup_py'
[0.834s] Level 1:colcon.colcon_core.package_identification:_identify(docs/_sources/project) by extensions ['ignore', 'ignore_ament_install']
[0.835s] Level 1:colcon.colcon_core.package_identification:_identify(docs/_sources/project) by extension 'ignore'
[0.837s] Level 1:colcon.colcon_core.package_identification:_identify(docs/_sources/project) by extension 'ignore_ament_install'
[0.840s] Level 1:colcon.colcon_core.package_identification:_identify(docs/_sources/project) by extensions ['colcon_pkg']
[0.840s] Level 1:colcon.colcon_core.package_identification:_identify(docs/_sources/project) by extension 'colcon_pkg'
[0.843s] Level 1:colcon.colcon_core.package_identification:_identify(docs/_sources/project) by extensions ['colcon_meta']
[0.844s] Level 1:colcon.colcon_core.package_identification:_identify(docs/_sources/project) by extension 'colcon_meta'
[0.845s] Level 1:colcon.colcon_core.package_identification:_identify(docs/_sources/project) by extensions ['ros']
[0.847s] Level 1:colcon.colcon_core.package_identification:_identify(docs/_sources/project) by extension 'ros'
[0.851s] Level 1:colcon.colcon_core.package_identification:_identify(docs/_sources/project) by extensions ['cmake', 'python']
[0.852s] Level 1:colcon.colcon_core.package_identification:_identify(docs/_sources/project) by extension 'cmake'
[0.855s] Level 1:colcon.colcon_core.package_identification:_identify(docs/_sources/project) by extension 'python'
[0.857s] Level 1:colcon.colcon_core.package_identification:_identify(docs/_sources/project) by extensions ['python_setup_py']
[0.857s] Level 1:colcon.colcon_core.package_identification:_identify(docs/_sources/project) by extension 'python_setup_py'
[0.862s] Level 1:colcon.colcon_core.package_identification:_identify(docs/_sources/resources) by extensions ['ignore', 'ignore_ament_install']
[0.863s] Level 1:colcon.colcon_core.package_identification:_identify(docs/_sources/resources) by extension 'ignore'
[0.866s] Level 1:colcon.colcon_core.package_identification:_identify(docs/_sources/resources) by extension 'ignore_ament_install'
[0.869s] Level 1:colcon.colcon_core.package_identification:_identify(docs/_sources/resources) by extensions ['colcon_pkg']
[0.869s] Level 1:colcon.colcon_core.package_identification:_identify(docs/_sources/resources) by extension 'colcon_pkg'
[0.873s] Level 1:colcon.colcon_core.package_identification:_identify(docs/_sources/resources) by extensions ['colcon_meta']
[0.873s] Level 1:colcon.colcon_core.package_identification:_identify(docs/_sources/resources) by extension 'colcon_meta'
[0.874s] Level 1:colcon.colcon_core.package_identification:_identify(docs/_sources/resources) by extensions ['ros']
[0.876s] Level 1:colcon.colcon_core.package_identification:_identify(docs/_sources/resources) by extension 'ros'
[0.881s] Level 1:colcon.colcon_core.package_identification:_identify(docs/_sources/resources) by extensions ['cmake', 'python']
[0.881s] Level 1:colcon.colcon_core.package_identification:_identify(docs/_sources/resources) by extension 'cmake'
[0.884s] Level 1:colcon.colcon_core.package_identification:_identify(docs/_sources/resources) by extension 'python'
[0.886s] Level 1:colcon.colcon_core.package_identification:_identify(docs/_sources/resources) by extensions ['python_setup_py']
[0.886s] Level 1:colcon.colcon_core.package_identification:_identify(docs/_sources/resources) by extension 'python_setup_py'
[0.891s] Level 1:colcon.colcon_core.package_identification:_identify(docs/_sources/theory) by extensions ['ignore', 'ignore_ament_install']
[0.892s] Level 1:colcon.colcon_core.package_identification:_identify(docs/_sources/theory) by extension 'ignore'
[0.895s] Level 1:colcon.colcon_core.package_identification:_identify(docs/_sources/theory) by extension 'ignore_ament_install'
[0.897s] Level 1:colcon.colcon_core.package_identification:_identify(docs/_sources/theory) by extensions ['colcon_pkg']
[0.898s] Level 1:colcon.colcon_core.package_identification:_identify(docs/_sources/theory) by extension 'colcon_pkg'
[0.901s] Level 1:colcon.colcon_core.package_identification:_identify(docs/_sources/theory) by extensions ['colcon_meta']
[0.901s] Level 1:colcon.colcon_core.package_identification:_identify(docs/_sources/theory) by extension 'colcon_meta'
[0.903s] Level 1:colcon.colcon_core.package_identification:_identify(docs/_sources/theory) by extensions ['ros']
[0.904s] Level 1:colcon.colcon_core.package_identification:_identify(docs/_sources/theory) by extension 'ros'
[0.909s] Level 1:colcon.colcon_core.package_identification:_identify(docs/_sources/theory) by extensions ['cmake', 'python']
[0.909s] Level 1:colcon.colcon_core.package_identification:_identify(docs/_sources/theory) by extension 'cmake'
[0.913s] Level 1:colcon.colcon_core.package_identification:_identify(docs/_sources/theory) by extension 'python'
[0.916s] Level 1:colcon.colcon_core.package_identification:_identify(docs/_sources/theory) by extensions ['python_setup_py']
[0.917s] Level 1:colcon.colcon_core.package_identification:_identify(docs/_sources/theory) by extension 'python_setup_py'
[0.924s] Level 1:colcon.colcon_core.package_identification:_identify(docs/_sources/tutorial) by extensions ['ignore', 'ignore_ament_install']
[0.924s] Level 1:colcon.colcon_core.package_identification:_identify(docs/_sources/tutorial) by extension 'ignore'
[0.928s] Level 1:colcon.colcon_core.package_identification:_identify(docs/_sources/tutorial) by extension 'ignore_ament_install'
[0.931s] Level 1:colcon.colcon_core.package_identification:_identify(docs/_sources/tutorial) by extensions ['colcon_pkg']
[0.931s] Level 1:colcon.colcon_core.package_identification:_identify(docs/_sources/tutorial) by extension 'colcon_pkg'
[0.934s] Level 1:colcon.colcon_core.package_identification:_identify(docs/_sources/tutorial) by extensions ['colcon_meta']
[0.934s] Level 1:colcon.colcon_core.package_identification:_identify(docs/_sources/tutorial) by extension 'colcon_meta'
[0.936s] Level 1:colcon.colcon_core.package_identification:_identify(docs/_sources/tutorial) by extensions ['ros']
[0.937s] Level 1:colcon.colcon_core.package_identification:_identify(docs/_sources/tutorial) by extension 'ros'
[0.941s] Level 1:colcon.colcon_core.package_identification:_identify(docs/_sources/tutorial) by extensions ['cmake', 'python']
[0.942s] Level 1:colcon.colcon_core.package_identification:_identify(docs/_sources/tutorial) by extension 'cmake'
[0.945s] Level 1:colcon.colcon_core.package_identification:_identify(docs/_sources/tutorial) by extension 'python'
[0.946s] Level 1:colcon.colcon_core.package_identification:_identify(docs/_sources/tutorial) by extensions ['python_setup_py']
[0.947s] Level 1:colcon.colcon_core.package_identification:_identify(docs/_sources/tutorial) by extension 'python_setup_py'
[0.953s] Level 1:colcon.colcon_core.package_identification:_identify(docs/_static) by extensions ['ignore', 'ignore_ament_install']
[0.954s] Level 1:colcon.colcon_core.package_identification:_identify(docs/_static) by extension 'ignore'
[0.956s] Level 1:colcon.colcon_core.package_identification:_identify(docs/_static) by extension 'ignore_ament_install'
[0.959s] Level 1:colcon.colcon_core.package_identification:_identify(docs/_static) by extensions ['colcon_pkg']
[0.959s] Level 1:colcon.colcon_core.package_identification:_identify(docs/_static) by extension 'colcon_pkg'
[0.963s] Level 1:colcon.colcon_core.package_identification:_identify(docs/_static) by extensions ['colcon_meta']
[0.963s] Level 1:colcon.colcon_core.package_identification:_identify(docs/_static) by extension 'colcon_meta'
[0.965s] Level 1:colcon.colcon_core.package_identification:_identify(docs/_static) by extensions ['ros']
[0.966s] Level 1:colcon.colcon_core.package_identification:_identify(docs/_static) by extension 'ros'
[0.971s] Level 1:colcon.colcon_core.package_identification:_identify(docs/_static) by extensions ['cmake', 'python']
[0.971s] Level 1:colcon.colcon_core.package_identification:_identify(docs/_static) by extension 'cmake'
[0.978s] Level 1:colcon.colcon_core.package_identification:_identify(docs/_static) by extension 'python'
[0.982s] Level 1:colcon.colcon_core.package_identification:_identify(docs/_static) by extensions ['python_setup_py']
[0.985s] Level 1:colcon.colcon_core.package_identification:_identify(docs/_static) by extension 'python_setup_py'
[0.994s] Level 1:colcon.colcon_core.package_identification:_identify(docs/_static/css) by extensions ['ignore', 'ignore_ament_install']
[0.995s] Level 1:colcon.colcon_core.package_identification:_identify(docs/_static/css) by extension 'ignore'
[0.999s] Level 1:colcon.colcon_core.package_identification:_identify(docs/_static/css) by extension 'ignore_ament_install'
[1.002s] Level 1:colcon.colcon_core.package_identification:_identify(docs/_static/css) by extensions ['colcon_pkg']
[1.002s] Level 1:colcon.colcon_core.package_identification:_identify(docs/_static/css) by extension 'colcon_pkg'
[1.006s] Level 1:colcon.colcon_core.package_identification:_identify(docs/_static/css) by extensions ['colcon_meta']
[1.007s] Level 1:colcon.colcon_core.package_identification:_identify(docs/_static/css) by extension 'colcon_meta'
[1.009s] Level 1:colcon.colcon_core.package_identification:_identify(docs/_static/css) by extensions ['ros']
[1.010s] Level 1:colcon.colcon_core.package_identification:_identify(docs/_static/css) by extension 'ros'
[1.015s] Level 1:colcon.colcon_core.package_identification:_identify(docs/_static/css) by extensions ['cmake', 'python']
[1.015s] Level 1:colcon.colcon_core.package_identification:_identify(docs/_static/css) by extension 'cmake'
[1.018s] Level 1:colcon.colcon_core.package_identification:_identify(docs/_static/css) by extension 'python'
[1.020s] Level 1:colcon.colcon_core.package_identification:_identify(docs/_static/css) by extensions ['python_setup_py']
[1.020s] Level 1:colcon.colcon_core.package_identification:_identify(docs/_static/css) by extension 'python_setup_py'
[1.027s] Level 1:colcon.colcon_core.package_identification:_identify(docs/_static/css/fonts) by extensions ['ignore', 'ignore_ament_install']
[1.027s] Level 1:colcon.colcon_core.package_identification:_identify(docs/_static/css/fonts) by extension 'ignore'
[1.031s] Level 1:colcon.colcon_core.package_identification:_identify(docs/_static/css/fonts) by extension 'ignore_ament_install'
[1.033s] Level 1:colcon.colcon_core.package_identification:_identify(docs/_static/css/fonts) by extensions ['colcon_pkg']
[1.034s] Level 1:colcon.colcon_core.package_identification:_identify(docs/_static/css/fonts) by extension 'colcon_pkg'
[1.038s] Level 1:colcon.colcon_core.package_identification:_identify(docs/_static/css/fonts) by extensions ['colcon_meta']
[1.038s] Level 1:colcon.colcon_core.package_identification:_identify(docs/_static/css/fonts) by extension 'colcon_meta'
[1.040s] Level 1:colcon.colcon_core.package_identification:_identify(docs/_static/css/fonts) by extensions ['ros']
[1.042s] Level 1:colcon.colcon_core.package_identification:_identify(docs/_static/css/fonts) by extension 'ros'
[1.046s] Level 1:colcon.colcon_core.package_identification:_identify(docs/_static/css/fonts) by extensions ['cmake', 'python']
[1.046s] Level 1:colcon.colcon_core.package_identification:_identify(docs/_static/css/fonts) by extension 'cmake'
[1.049s] Level 1:colcon.colcon_core.package_identification:_identify(docs/_static/css/fonts) by extension 'python'
[1.052s] Level 1:colcon.colcon_core.package_identification:_identify(docs/_static/css/fonts) by extensions ['python_setup_py']
[1.052s] Level 1:colcon.colcon_core.package_identification:_identify(docs/_static/css/fonts) by extension 'python_setup_py'
[1.058s] Level 1:colcon.colcon_core.package_identification:_identify(docs/_static/js) by extensions ['ignore', 'ignore_ament_install']
[1.058s] Level 1:colcon.colcon_core.package_identification:_identify(docs/_static/js) by extension 'ignore'
[1.061s] Level 1:colcon.colcon_core.package_identification:_identify(docs/_static/js) by extension 'ignore_ament_install'
[1.064s] Level 1:colcon.colcon_core.package_identification:_identify(docs/_static/js) by extensions ['colcon_pkg']
[1.064s] Level 1:colcon.colcon_core.package_identification:_identify(docs/_static/js) by extension 'colcon_pkg'
[1.066s] Level 1:colcon.colcon_core.package_identification:_identify(docs/_static/js) by extensions ['colcon_meta']
[1.067s] Level 1:colcon.colcon_core.package_identification:_identify(docs/_static/js) by extension 'colcon_meta'
[1.069s] Level 1:colcon.colcon_core.package_identification:_identify(docs/_static/js) by extensions ['ros']
[1.070s] Level 1:colcon.colcon_core.package_identification:_identify(docs/_static/js) by extension 'ros'
[1.074s] Level 1:colcon.colcon_core.package_identification:_identify(docs/_static/js) by extensions ['cmake', 'python']
[1.075s] Level 1:colcon.colcon_core.package_identification:_identify(docs/_static/js) by extension 'cmake'
[1.077s] Level 1:colcon.colcon_core.package_identification:_identify(docs/_static/js) by extension 'python'
[1.080s] Level 1:colcon.colcon_core.package_identification:_identify(docs/_static/js) by extensions ['python_setup_py']
[1.080s] Level 1:colcon.colcon_core.package_identification:_identify(docs/_static/js) by extension 'python_setup_py'
[1.084s] Level 1:colcon.colcon_core.package_identification:_identify(docs/design) by extensions ['ignore', 'ignore_ament_install']
[1.085s] Level 1:colcon.colcon_core.package_identification:_identify(docs/design) by extension 'ignore'
[1.087s] Level 1:colcon.colcon_core.package_identification:_identify(docs/design) by extension 'ignore_ament_install'
[1.089s] Level 1:colcon.colcon_core.package_identification:_identify(docs/design) by extensions ['colcon_pkg']
[1.089s] Level 1:colcon.colcon_core.package_identification:_identify(docs/design) by extension 'colcon_pkg'
[1.092s] Level 1:colcon.colcon_core.package_identification:_identify(docs/design) by extensions ['colcon_meta']
[1.092s] Level 1:colcon.colcon_core.package_identification:_identify(docs/design) by extension 'colcon_meta'
[1.094s] Level 1:colcon.colcon_core.package_identification:_identify(docs/design) by extensions ['ros']
[1.096s] Level 1:colcon.colcon_core.package_identification:_identify(docs/design) by extension 'ros'
[1.100s] Level 1:colcon.colcon_core.package_identification:_identify(docs/design) by extensions ['cmake', 'python']
[1.101s] Level 1:colcon.colcon_core.package_identification:_identify(docs/design) by extension 'cmake'
[1.103s] Level 1:colcon.colcon_core.package_identification:_identify(docs/design) by extension 'python'
[1.106s] Level 1:colcon.colcon_core.package_identification:_identify(docs/design) by extensions ['python_setup_py']
[1.106s] Level 1:colcon.colcon_core.package_identification:_identify(docs/design) by extension 'python_setup_py'
[1.112s] Level 1:colcon.colcon_core.package_identification:_identify(docs/getting_started) by extensions ['ignore', 'ignore_ament_install']
[1.112s] Level 1:colcon.colcon_core.package_identification:_identify(docs/getting_started) by extension 'ignore'
[1.115s] Level 1:colcon.colcon_core.package_identification:_identify(docs/getting_started) by extension 'ignore_ament_install'
[1.118s] Level 1:colcon.colcon_core.package_identification:_identify(docs/getting_started) by extensions ['colcon_pkg']
[1.118s] Level 1:colcon.colcon_core.package_identification:_identify(docs/getting_started) by extension 'colcon_pkg'
[1.121s] Level 1:colcon.colcon_core.package_identification:_identify(docs/getting_started) by extensions ['colcon_meta']
[1.121s] Level 1:colcon.colcon_core.package_identification:_identify(docs/getting_started) by extension 'colcon_meta'
[1.123s] Level 1:colcon.colcon_core.package_identification:_identify(docs/getting_started) by extensions ['ros']
[1.124s] Level 1:colcon.colcon_core.package_identification:_identify(docs/getting_started) by extension 'ros'
[1.129s] Level 1:colcon.colcon_core.package_identification:_identify(docs/getting_started) by extensions ['cmake', 'python']
[1.129s] Level 1:colcon.colcon_core.package_identification:_identify(docs/getting_started) by extension 'cmake'
[1.133s] Level 1:colcon.colcon_core.package_identification:_identify(docs/getting_started) by extension 'python'
[1.135s] Level 1:colcon.colcon_core.package_identification:_identify(docs/getting_started) by extensions ['python_setup_py']
[1.135s] Level 1:colcon.colcon_core.package_identification:_identify(docs/getting_started) by extension 'python_setup_py'
[1.141s] Level 1:colcon.colcon_core.package_identification:_identify(docs/guide) by extensions ['ignore', 'ignore_ament_install']
[1.141s] Level 1:colcon.colcon_core.package_identification:_identify(docs/guide) by extension 'ignore'
[1.144s] Level 1:colcon.colcon_core.package_identification:_identify(docs/guide) by extension 'ignore_ament_install'
[1.147s] Level 1:colcon.colcon_core.package_identification:_identify(docs/guide) by extensions ['colcon_pkg']
[1.147s] Level 1:colcon.colcon_core.package_identification:_identify(docs/guide) by extension 'colcon_pkg'
[1.151s] Level 1:colcon.colcon_core.package_identification:_identify(docs/guide) by extensions ['colcon_meta']
[1.151s] Level 1:colcon.colcon_core.package_identification:_identify(docs/guide) by extension 'colcon_meta'
[1.153s] Level 1:colcon.colcon_core.package_identification:_identify(docs/guide) by extensions ['ros']
[1.154s] Level 1:colcon.colcon_core.package_identification:_identify(docs/guide) by extension 'ros'
[1.159s] Level 1:colcon.colcon_core.package_identification:_identify(docs/guide) by extensions ['cmake', 'python']
[1.159s] Level 1:colcon.colcon_core.package_identification:_identify(docs/guide) by extension 'cmake'
[1.162s] Level 1:colcon.colcon_core.package_identification:_identify(docs/guide) by extension 'python'
[1.164s] Level 1:colcon.colcon_core.package_identification:_identify(docs/guide) by extensions ['python_setup_py']
[1.165s] Level 1:colcon.colcon_core.package_identification:_identify(docs/guide) by extension 'python_setup_py'
[1.170s] Level 1:colcon.colcon_core.package_identification:_identify(docs/project) by extensions ['ignore', 'ignore_ament_install']
[1.170s] Level 1:colcon.colcon_core.package_identification:_identify(docs/project) by extension 'ignore'
[1.173s] Level 1:colcon.colcon_core.package_identification:_identify(docs/project) by extension 'ignore_ament_install'
[1.175s] Level 1:colcon.colcon_core.package_identification:_identify(docs/project) by extensions ['colcon_pkg']
[1.176s] Level 1:colcon.colcon_core.package_identification:_identify(docs/project) by extension 'colcon_pkg'
[1.179s] Level 1:colcon.colcon_core.package_identification:_identify(docs/project) by extensions ['colcon_meta']
[1.179s] Level 1:colcon.colcon_core.package_identification:_identify(docs/project) by extension 'colcon_meta'
[1.181s] Level 1:colcon.colcon_core.package_identification:_identify(docs/project) by extensions ['ros']
[1.182s] Level 1:colcon.colcon_core.package_identification:_identify(docs/project) by extension 'ros'
[1.186s] Level 1:colcon.colcon_core.package_identification:_identify(docs/project) by extensions ['cmake', 'python']
[1.186s] Level 1:colcon.colcon_core.package_identification:_identify(docs/project) by extension 'cmake'
[1.190s] Level 1:colcon.colcon_core.package_identification:_identify(docs/project) by extension 'python'
[1.192s] Level 1:colcon.colcon_core.package_identification:_identify(docs/project) by extensions ['python_setup_py']
[1.192s] Level 1:colcon.colcon_core.package_identification:_identify(docs/project) by extension 'python_setup_py'
[1.197s] Level 1:colcon.colcon_core.package_identification:_identify(docs/resources) by extensions ['ignore', 'ignore_ament_install']
[1.198s] Level 1:colcon.colcon_core.package_identification:_identify(docs/resources) by extension 'ignore'
[1.201s] Level 1:colcon.colcon_core.package_identification:_identify(docs/resources) by extension 'ignore_ament_install'
[1.203s] Level 1:colcon.colcon_core.package_identification:_identify(docs/resources) by extensions ['colcon_pkg']
[1.203s] Level 1:colcon.colcon_core.package_identification:_identify(docs/resources) by extension 'colcon_pkg'
[1.206s] Level 1:colcon.colcon_core.package_identification:_identify(docs/resources) by extensions ['colcon_meta']
[1.206s] Level 1:colcon.colcon_core.package_identification:_identify(docs/resources) by extension 'colcon_meta'
[1.208s] Level 1:colcon.colcon_core.package_identification:_identify(docs/resources) by extensions ['ros']
[1.210s] Level 1:colcon.colcon_core.package_identification:_identify(docs/resources) by extension 'ros'
[1.214s] Level 1:colcon.colcon_core.package_identification:_identify(docs/resources) by extensions ['cmake', 'python']
[1.214s] Level 1:colcon.colcon_core.package_identification:_identify(docs/resources) by extension 'cmake'
[1.217s] Level 1:colcon.colcon_core.package_identification:_identify(docs/resources) by extension 'python'
[1.219s] Level 1:colcon.colcon_core.package_identification:_identify(docs/resources) by extensions ['python_setup_py']
[1.220s] Level 1:colcon.colcon_core.package_identification:_identify(docs/resources) by extension 'python_setup_py'
[1.225s] Level 1:colcon.colcon_core.package_identification:_identify(docs/theory) by extensions ['ignore', 'ignore_ament_install']
[1.225s] Level 1:colcon.colcon_core.package_identification:_identify(docs/theory) by extension 'ignore'
[1.229s] Level 1:colcon.colcon_core.package_identification:_identify(docs/theory) by extension 'ignore_ament_install'
[1.231s] Level 1:colcon.colcon_core.package_identification:_identify(docs/theory) by extensions ['colcon_pkg']
[1.231s] Level 1:colcon.colcon_core.package_identification:_identify(docs/theory) by extension 'colcon_pkg'
[1.233s] Level 1:colcon.colcon_core.package_identification:_identify(docs/theory) by extensions ['colcon_meta']
[1.234s] Level 1:colcon.colcon_core.package_identification:_identify(docs/theory) by extension 'colcon_meta'
[1.236s] Level 1:colcon.colcon_core.package_identification:_identify(docs/theory) by extensions ['ros']
[1.238s] Level 1:colcon.colcon_core.package_identification:_identify(docs/theory) by extension 'ros'
[1.242s] Level 1:colcon.colcon_core.package_identification:_identify(docs/theory) by extensions ['cmake', 'python']
[1.243s] Level 1:colcon.colcon_core.package_identification:_identify(docs/theory) by extension 'cmake'
[1.246s] Level 1:colcon.colcon_core.package_identification:_identify(docs/theory) by extension 'python'
[1.248s] Level 1:colcon.colcon_core.package_identification:_identify(docs/theory) by extensions ['python_setup_py']
[1.248s] Level 1:colcon.colcon_core.package_identification:_identify(docs/theory) by extension 'python_setup_py'
[1.254s] Level 1:colcon.colcon_core.package_identification:_identify(docs/tutorial) by extensions ['ignore', 'ignore_ament_install']
[1.254s] Level 1:colcon.colcon_core.package_identification:_identify(docs/tutorial) by extension 'ignore'
[1.257s] Level 1:colcon.colcon_core.package_identification:_identify(docs/tutorial) by extension 'ignore_ament_install'
[1.260s] Level 1:colcon.colcon_core.package_identification:_identify(docs/tutorial) by extensions ['colcon_pkg']
[1.260s] Level 1:colcon.colcon_core.package_identification:_identify(docs/tutorial) by extension 'colcon_pkg'
[1.263s] Level 1:colcon.colcon_core.package_identification:_identify(docs/tutorial) by extensions ['colcon_meta']
[1.263s] Level 1:colcon.colcon_core.package_identification:_identify(docs/tutorial) by extension 'colcon_meta'
[1.265s] Level 1:colcon.colcon_core.package_identification:_identify(docs/tutorial) by extensions ['ros']
[1.266s] Level 1:colcon.colcon_core.package_identification:_identify(docs/tutorial) by extension 'ros'
[1.271s] Level 1:colcon.colcon_core.package_identification:_identify(docs/tutorial) by extensions ['cmake', 'python']
[1.271s] Level 1:colcon.colcon_core.package_identification:_identify(docs/tutorial) by extension 'cmake'
[1.274s] Level 1:colcon.colcon_core.package_identification:_identify(docs/tutorial) by extension 'python'
[1.275s] Level 1:colcon.colcon_core.package_identification:_identify(docs/tutorial) by extensions ['python_setup_py']
[1.276s] Level 1:colcon.colcon_core.package_identification:_identify(docs/tutorial) by extension 'python_setup_py'
[1.281s] Level 1:colcon.colcon_core.package_identification:_identify(install) by extensions ['ignore', 'ignore_ament_install']
[1.281s] Level 1:colcon.colcon_core.package_identification:_identify(install) by extension 'ignore'
[1.282s] Level 1:colcon.colcon_core.package_identification:_identify(install) ignored
[1.286s] Level 1:colcon.colcon_core.package_identification:_identify(log) by extensions ['ignore', 'ignore_ament_install']
[1.286s] Level 1:colcon.colcon_core.package_identification:_identify(log) by extension 'ignore'
[1.288s] Level 1:colcon.colcon_core.package_identification:_identify(log) ignored
[1.292s] Level 1:colcon.colcon_core.package_identification:_identify(script) by extensions ['ignore', 'ignore_ament_install']
[1.293s] Level 1:colcon.colcon_core.package_identification:_identify(script) by extension 'ignore'
[1.295s] Level 1:colcon.colcon_core.package_identification:_identify(script) by extension 'ignore_ament_install'
[1.298s] Level 1:colcon.colcon_core.package_identification:_identify(script) by extensions ['colcon_pkg']
[1.298s] Level 1:colcon.colcon_core.package_identification:_identify(script) by extension 'colcon_pkg'
[1.300s] Level 1:colcon.colcon_core.package_identification:_identify(script) by extensions ['colcon_meta']
[1.301s] Level 1:colcon.colcon_core.package_identification:_identify(script) by extension 'colcon_meta'
[1.302s] Level 1:colcon.colcon_core.package_identification:_identify(script) by extensions ['ros']
[1.303s] Level 1:colcon.colcon_core.package_identification:_identify(script) by extension 'ros'
[1.307s] Level 1:colcon.colcon_core.package_identification:_identify(script) by extensions ['cmake', 'python']
[1.307s] Level 1:colcon.colcon_core.package_identification:_identify(script) by extension 'cmake'
[1.308s] Level 1:colcon.colcon_core.package_identification:_identify(script) by extension 'python'
[1.310s] Level 1:colcon.colcon_core.package_identification:_identify(script) by extensions ['python_setup_py']
[1.311s] Level 1:colcon.colcon_core.package_identification:_identify(script) by extension 'python_setup_py'
[1.316s] Level 1:colcon.colcon_core.package_identification:_identify(source) by extensions ['ignore', 'ignore_ament_install']
[1.316s] Level 1:colcon.colcon_core.package_identification:_identify(source) by extension 'ignore'
[1.318s] Level 1:colcon.colcon_core.package_identification:_identify(source) by extension 'ignore_ament_install'
[1.321s] Level 1:colcon.colcon_core.package_identification:_identify(source) by extensions ['colcon_pkg']
[1.321s] Level 1:colcon.colcon_core.package_identification:_identify(source) by extension 'colcon_pkg'
[1.323s] Level 1:colcon.colcon_core.package_identification:_identify(source) by extensions ['colcon_meta']
[1.324s] Level 1:colcon.colcon_core.package_identification:_identify(source) by extension 'colcon_meta'
[1.324s] Level 1:colcon.colcon_core.package_identification:_identify(source) by extensions ['ros']
[1.325s] Level 1:colcon.colcon_core.package_identification:_identify(source) by extension 'ros'
[1.329s] Level 1:colcon.colcon_core.package_identification:_identify(source) by extensions ['cmake', 'python']
[1.329s] Level 1:colcon.colcon_core.package_identification:_identify(source) by extension 'cmake'
[1.331s] Level 1:colcon.colcon_core.package_identification:_identify(source) by extension 'python'
[1.332s] Level 1:colcon.colcon_core.package_identification:_identify(source) by extensions ['python_setup_py']
[1.334s] Level 1:colcon.colcon_core.package_identification:_identify(source) by extension 'python_setup_py'
[1.338s] Level 1:colcon.colcon_core.package_identification:_identify(source/API-docs) by extensions ['ignore', 'ignore_ament_install']
[1.339s] Level 1:colcon.colcon_core.package_identification:_identify(source/API-docs) by extension 'ignore'
[1.342s] Level 1:colcon.colcon_core.package_identification:_identify(source/API-docs) by extension 'ignore_ament_install'
[1.345s] Level 1:colcon.colcon_core.package_identification:_identify(source/API-docs) by extensions ['colcon_pkg']
[1.345s] Level 1:colcon.colcon_core.package_identification:_identify(source/API-docs) by extension 'colcon_pkg'
[1.348s] Level 1:colcon.colcon_core.package_identification:_identify(source/API-docs) by extensions ['colcon_meta']
[1.349s] Level 1:colcon.colcon_core.package_identification:_identify(source/API-docs) by extension 'colcon_meta'
[1.349s] Level 1:colcon.colcon_core.package_identification:_identify(source/API-docs) by extensions ['ros']
[1.351s] Level 1:colcon.colcon_core.package_identification:_identify(source/API-docs) by extension 'ros'
[1.355s] Level 1:colcon.colcon_core.package_identification:_identify(source/API-docs) by extensions ['cmake', 'python']
[1.355s] Level 1:colcon.colcon_core.package_identification:_identify(source/API-docs) by extension 'cmake'
[1.357s] Level 1:colcon.colcon_core.package_identification:_identify(source/API-docs) by extension 'python'
[1.359s] Level 1:colcon.colcon_core.package_identification:_identify(source/API-docs) by extensions ['python_setup_py']
[1.360s] Level 1:colcon.colcon_core.package_identification:_identify(source/API-docs) by extension 'python_setup_py'
[1.365s] Level 1:colcon.colcon_core.package_identification:_identify(source/API-docs/asset) by extensions ['ignore', 'ignore_ament_install']
[1.365s] Level 1:colcon.colcon_core.package_identification:_identify(source/API-docs/asset) by extension 'ignore'
[1.368s] Level 1:colcon.colcon_core.package_identification:_identify(source/API-docs/asset) by extension 'ignore_ament_install'
[1.370s] Level 1:colcon.colcon_core.package_identification:_identify(source/API-docs/asset) by extensions ['colcon_pkg']
[1.371s] Level 1:colcon.colcon_core.package_identification:_identify(source/API-docs/asset) by extension 'colcon_pkg'
[1.373s] Level 1:colcon.colcon_core.package_identification:_identify(source/API-docs/asset) by extensions ['colcon_meta']
[1.374s] Level 1:colcon.colcon_core.package_identification:_identify(source/API-docs/asset) by extension 'colcon_meta'
[1.375s] Level 1:colcon.colcon_core.package_identification:_identify(source/API-docs/asset) by extensions ['ros']
[1.377s] Level 1:colcon.colcon_core.package_identification:_identify(source/API-docs/asset) by extension 'ros'
[1.381s] Level 1:colcon.colcon_core.package_identification:_identify(source/API-docs/asset) by extensions ['cmake', 'python']
[1.382s] Level 1:colcon.colcon_core.package_identification:_identify(source/API-docs/asset) by extension 'cmake'
[1.384s] Level 1:colcon.colcon_core.package_identification:_identify(source/API-docs/asset) by extension 'python'
[1.385s] Level 1:colcon.colcon_core.package_identification:_identify(source/API-docs/asset) by extensions ['python_setup_py']
[1.386s] Level 1:colcon.colcon_core.package_identification:_identify(source/API-docs/asset) by extension 'python_setup_py'
[1.391s] Level 1:colcon.colcon_core.package_identification:_identify(source/design) by extensions ['ignore', 'ignore_ament_install']
[1.391s] Level 1:colcon.colcon_core.package_identification:_identify(source/design) by extension 'ignore'
[1.393s] Level 1:colcon.colcon_core.package_identification:_identify(source/design) by extension 'ignore_ament_install'
[1.396s] Level 1:colcon.colcon_core.package_identification:_identify(source/design) by extensions ['colcon_pkg']
[1.396s] Level 1:colcon.colcon_core.package_identification:_identify(source/design) by extension 'colcon_pkg'
[1.398s] Level 1:colcon.colcon_core.package_identification:_identify(source/design) by extensions ['colcon_meta']
[1.399s] Level 1:colcon.colcon_core.package_identification:_identify(source/design) by extension 'colcon_meta'
[1.401s] Level 1:colcon.colcon_core.package_identification:_identify(source/design) by extensions ['ros']
[1.402s] Level 1:colcon.colcon_core.package_identification:_identify(source/design) by extension 'ros'
[1.406s] Level 1:colcon.colcon_core.package_identification:_identify(source/design) by extensions ['cmake', 'python']
[1.406s] Level 1:colcon.colcon_core.package_identification:_identify(source/design) by extension 'cmake'
[1.408s] Level 1:colcon.colcon_core.package_identification:_identify(source/design) by extension 'python'
[1.410s] Level 1:colcon.colcon_core.package_identification:_identify(source/design) by extensions ['python_setup_py']
[1.411s] Level 1:colcon.colcon_core.package_identification:_identify(source/design) by extension 'python_setup_py'
[1.416s] Level 1:colcon.colcon_core.package_identification:_identify(source/design/asset) by extensions ['ignore', 'ignore_ament_install']
[1.416s] Level 1:colcon.colcon_core.package_identification:_identify(source/design/asset) by extension 'ignore'
[1.418s] Level 1:colcon.colcon_core.package_identification:_identify(source/design/asset) by extension 'ignore_ament_install'
[1.420s] Level 1:colcon.colcon_core.package_identification:_identify(source/design/asset) by extensions ['colcon_pkg']
[1.420s] Level 1:colcon.colcon_core.package_identification:_identify(source/design/asset) by extension 'colcon_pkg'
[1.423s] Level 1:colcon.colcon_core.package_identification:_identify(source/design/asset) by extensions ['colcon_meta']
[1.423s] Level 1:colcon.colcon_core.package_identification:_identify(source/design/asset) by extension 'colcon_meta'
[1.425s] Level 1:colcon.colcon_core.package_identification:_identify(source/design/asset) by extensions ['ros']
[1.427s] Level 1:colcon.colcon_core.package_identification:_identify(source/design/asset) by extension 'ros'
[1.431s] Level 1:colcon.colcon_core.package_identification:_identify(source/design/asset) by extensions ['cmake', 'python']
[1.431s] Level 1:colcon.colcon_core.package_identification:_identify(source/design/asset) by extension 'cmake'
[1.434s] Level 1:colcon.colcon_core.package_identification:_identify(source/design/asset) by extension 'python'
[1.436s] Level 1:colcon.colcon_core.package_identification:_identify(source/design/asset) by extensions ['python_setup_py']
[1.437s] Level 1:colcon.colcon_core.package_identification:_identify(source/design/asset) by extension 'python_setup_py'
[1.442s] Level 1:colcon.colcon_core.package_identification:_identify(source/getting_started) by extensions ['ignore', 'ignore_ament_install']
[1.443s] Level 1:colcon.colcon_core.package_identification:_identify(source/getting_started) by extension 'ignore'
[1.446s] Level 1:colcon.colcon_core.package_identification:_identify(source/getting_started) by extension 'ignore_ament_install'
[1.448s] Level 1:colcon.colcon_core.package_identification:_identify(source/getting_started) by extensions ['colcon_pkg']
[1.449s] Level 1:colcon.colcon_core.package_identification:_identify(source/getting_started) by extension 'colcon_pkg'
[1.452s] Level 1:colcon.colcon_core.package_identification:_identify(source/getting_started) by extensions ['colcon_meta']
[1.452s] Level 1:colcon.colcon_core.package_identification:_identify(source/getting_started) by extension 'colcon_meta'
[1.453s] Level 1:colcon.colcon_core.package_identification:_identify(source/getting_started) by extensions ['ros']
[1.455s] Level 1:colcon.colcon_core.package_identification:_identify(source/getting_started) by extension 'ros'
[1.460s] Level 1:colcon.colcon_core.package_identification:_identify(source/getting_started) by extensions ['cmake', 'python']
[1.460s] Level 1:colcon.colcon_core.package_identification:_identify(source/getting_started) by extension 'cmake'
[1.463s] Level 1:colcon.colcon_core.package_identification:_identify(source/getting_started) by extension 'python'
[1.465s] Level 1:colcon.colcon_core.package_identification:_identify(source/getting_started) by extensions ['python_setup_py']
[1.466s] Level 1:colcon.colcon_core.package_identification:_identify(source/getting_started) by extension 'python_setup_py'
[1.471s] Level 1:colcon.colcon_core.package_identification:_identify(source/getting_started/asset) by extensions ['ignore', 'ignore_ament_install']
[1.471s] Level 1:colcon.colcon_core.package_identification:_identify(source/getting_started/asset) by extension 'ignore'
[1.474s] Level 1:colcon.colcon_core.package_identification:_identify(source/getting_started/asset) by extension 'ignore_ament_install'
[1.478s] Level 1:colcon.colcon_core.package_identification:_identify(source/getting_started/asset) by extensions ['colcon_pkg']
[1.478s] Level 1:colcon.colcon_core.package_identification:_identify(source/getting_started/asset) by extension 'colcon_pkg'
[1.482s] Level 1:colcon.colcon_core.package_identification:_identify(source/getting_started/asset) by extensions ['colcon_meta']
[1.483s] Level 1:colcon.colcon_core.package_identification:_identify(source/getting_started/asset) by extension 'colcon_meta'
[1.485s] Level 1:colcon.colcon_core.package_identification:_identify(source/getting_started/asset) by extensions ['ros']
[1.487s] Level 1:colcon.colcon_core.package_identification:_identify(source/getting_started/asset) by extension 'ros'
[1.491s] Level 1:colcon.colcon_core.package_identification:_identify(source/getting_started/asset) by extensions ['cmake', 'python']
[1.492s] Level 1:colcon.colcon_core.package_identification:_identify(source/getting_started/asset) by extension 'cmake'
[1.495s] Level 1:colcon.colcon_core.package_identification:_identify(source/getting_started/asset) by extension 'python'
[1.498s] Level 1:colcon.colcon_core.package_identification:_identify(source/getting_started/asset) by extensions ['python_setup_py']
[1.498s] Level 1:colcon.colcon_core.package_identification:_identify(source/getting_started/asset) by extension 'python_setup_py'
[1.504s] Level 1:colcon.colcon_core.package_identification:_identify(source/guide) by extensions ['ignore', 'ignore_ament_install']
[1.504s] Level 1:colcon.colcon_core.package_identification:_identify(source/guide) by extension 'ignore'
[1.507s] Level 1:colcon.colcon_core.package_identification:_identify(source/guide) by extension 'ignore_ament_install'
[1.511s] Level 1:colcon.colcon_core.package_identification:_identify(source/guide) by extensions ['colcon_pkg']
[1.511s] Level 1:colcon.colcon_core.package_identification:_identify(source/guide) by extension 'colcon_pkg'
[1.514s] Level 1:colcon.colcon_core.package_identification:_identify(source/guide) by extensions ['colcon_meta']
[1.515s] Level 1:colcon.colcon_core.package_identification:_identify(source/guide) by extension 'colcon_meta'
[1.517s] Level 1:colcon.colcon_core.package_identification:_identify(source/guide) by extensions ['ros']
[1.518s] Level 1:colcon.colcon_core.package_identification:_identify(source/guide) by extension 'ros'
[1.522s] Level 1:colcon.colcon_core.package_identification:_identify(source/guide) by extensions ['cmake', 'python']
[1.523s] Level 1:colcon.colcon_core.package_identification:_identify(source/guide) by extension 'cmake'
[1.526s] Level 1:colcon.colcon_core.package_identification:_identify(source/guide) by extension 'python'
[1.529s] Level 1:colcon.colcon_core.package_identification:_identify(source/guide) by extensions ['python_setup_py']
[1.529s] Level 1:colcon.colcon_core.package_identification:_identify(source/guide) by extension 'python_setup_py'
[1.534s] Level 1:colcon.colcon_core.package_identification:_identify(source/project) by extensions ['ignore', 'ignore_ament_install']
[1.534s] Level 1:colcon.colcon_core.package_identification:_identify(source/project) by extension 'ignore'
[1.537s] Level 1:colcon.colcon_core.package_identification:_identify(source/project) by extension 'ignore_ament_install'
[1.539s] Level 1:colcon.colcon_core.package_identification:_identify(source/project) by extensions ['colcon_pkg']
[1.540s] Level 1:colcon.colcon_core.package_identification:_identify(source/project) by extension 'colcon_pkg'
[1.543s] Level 1:colcon.colcon_core.package_identification:_identify(source/project) by extensions ['colcon_meta']
[1.543s] Level 1:colcon.colcon_core.package_identification:_identify(source/project) by extension 'colcon_meta'
[1.545s] Level 1:colcon.colcon_core.package_identification:_identify(source/project) by extensions ['ros']
[1.546s] Level 1:colcon.colcon_core.package_identification:_identify(source/project) by extension 'ros'
[1.551s] Level 1:colcon.colcon_core.package_identification:_identify(source/project) by extensions ['cmake', 'python']
[1.551s] Level 1:colcon.colcon_core.package_identification:_identify(source/project) by extension 'cmake'
[1.554s] Level 1:colcon.colcon_core.package_identification:_identify(source/project) by extension 'python'
[1.556s] Level 1:colcon.colcon_core.package_identification:_identify(source/project) by extensions ['python_setup_py']
[1.557s] Level 1:colcon.colcon_core.package_identification:_identify(source/project) by extension 'python_setup_py'
[1.561s] Level 1:colcon.colcon_core.package_identification:_identify(source/resources) by extensions ['ignore', 'ignore_ament_install']
[1.562s] Level 1:colcon.colcon_core.package_identification:_identify(source/resources) by extension 'ignore'
[1.565s] Level 1:colcon.colcon_core.package_identification:_identify(source/resources) by extension 'ignore_ament_install'
[1.568s] Level 1:colcon.colcon_core.package_identification:_identify(source/resources) by extensions ['colcon_pkg']
[1.568s] Level 1:colcon.colcon_core.package_identification:_identify(source/resources) by extension 'colcon_pkg'
[1.571s] Level 1:colcon.colcon_core.package_identification:_identify(source/resources) by extensions ['colcon_meta']
[1.572s] Level 1:colcon.colcon_core.package_identification:_identify(source/resources) by extension 'colcon_meta'
[1.573s] Level 1:colcon.colcon_core.package_identification:_identify(source/resources) by extensions ['ros']
[1.575s] Level 1:colcon.colcon_core.package_identification:_identify(source/resources) by extension 'ros'
[1.579s] Level 1:colcon.colcon_core.package_identification:_identify(source/resources) by extensions ['cmake', 'python']
[1.579s] Level 1:colcon.colcon_core.package_identification:_identify(source/resources) by extension 'cmake'
[1.582s] Level 1:colcon.colcon_core.package_identification:_identify(source/resources) by extension 'python'
[1.584s] Level 1:colcon.colcon_core.package_identification:_identify(source/resources) by extensions ['python_setup_py']
[1.585s] Level 1:colcon.colcon_core.package_identification:_identify(source/resources) by extension 'python_setup_py'
[1.590s] Level 1:colcon.colcon_core.package_identification:_identify(source/theory) by extensions ['ignore', 'ignore_ament_install']
[1.590s] Level 1:colcon.colcon_core.package_identification:_identify(source/theory) by extension 'ignore'
[1.593s] Level 1:colcon.colcon_core.package_identification:_identify(source/theory) by extension 'ignore_ament_install'
[1.598s] Level 1:colcon.colcon_core.package_identification:_identify(source/theory) by extensions ['colcon_pkg']
[1.599s] Level 1:colcon.colcon_core.package_identification:_identify(source/theory) by extension 'colcon_pkg'
[1.602s] Level 1:colcon.colcon_core.package_identification:_identify(source/theory) by extensions ['colcon_meta']
[1.603s] Level 1:colcon.colcon_core.package_identification:_identify(source/theory) by extension 'colcon_meta'
[1.605s] Level 1:colcon.colcon_core.package_identification:_identify(source/theory) by extensions ['ros']
[1.606s] Level 1:colcon.colcon_core.package_identification:_identify(source/theory) by extension 'ros'
[1.612s] Level 1:colcon.colcon_core.package_identification:_identify(source/theory) by extensions ['cmake', 'python']
[1.613s] Level 1:colcon.colcon_core.package_identification:_identify(source/theory) by extension 'cmake'
[1.619s] Level 1:colcon.colcon_core.package_identification:_identify(source/theory) by extension 'python'
[1.622s] Level 1:colcon.colcon_core.package_identification:_identify(source/theory) by extensions ['python_setup_py']
[1.624s] Level 1:colcon.colcon_core.package_identification:_identify(source/theory) by extension 'python_setup_py'
[1.633s] Level 1:colcon.colcon_core.package_identification:_identify(source/theory/asset) by extensions ['ignore', 'ignore_ament_install']
[1.634s] Level 1:colcon.colcon_core.package_identification:_identify(source/theory/asset) by extension 'ignore'
[1.639s] Level 1:colcon.colcon_core.package_identification:_identify(source/theory/asset) by extension 'ignore_ament_install'
[1.643s] Level 1:colcon.colcon_core.package_identification:_identify(source/theory/asset) by extensions ['colcon_pkg']
[1.644s] Level 1:colcon.colcon_core.package_identification:_identify(source/theory/asset) by extension 'colcon_pkg'
[1.648s] Level 1:colcon.colcon_core.package_identification:_identify(source/theory/asset) by extensions ['colcon_meta']
[1.649s] Level 1:colcon.colcon_core.package_identification:_identify(source/theory/asset) by extension 'colcon_meta'
[1.650s] Level 1:colcon.colcon_core.package_identification:_identify(source/theory/asset) by extensions ['ros']
[1.652s] Level 1:colcon.colcon_core.package_identification:_identify(source/theory/asset) by extension 'ros'
[1.660s] Level 1:colcon.colcon_core.package_identification:_identify(source/theory/asset) by extensions ['cmake', 'python']
[1.660s] Level 1:colcon.colcon_core.package_identification:_identify(source/theory/asset) by extension 'cmake'
[1.667s] Level 1:colcon.colcon_core.package_identification:_identify(source/theory/asset) by extension 'python'
[1.670s] Level 1:colcon.colcon_core.package_identification:_identify(source/theory/asset) by extensions ['python_setup_py']
[1.670s] Level 1:colcon.colcon_core.package_identification:_identify(source/theory/asset) by extension 'python_setup_py'
[1.679s] Level 1:colcon.colcon_core.package_identification:_identify(source/tutorial) by extensions ['ignore', 'ignore_ament_install']
[1.680s] Level 1:colcon.colcon_core.package_identification:_identify(source/tutorial) by extension 'ignore'
[1.685s] Level 1:colcon.colcon_core.package_identification:_identify(source/tutorial) by extension 'ignore_ament_install'
[1.688s] Level 1:colcon.colcon_core.package_identification:_identify(source/tutorial) by extensions ['colcon_pkg']
[1.689s] Level 1:colcon.colcon_core.package_identification:_identify(source/tutorial) by extension 'colcon_pkg'
[1.694s] Level 1:colcon.colcon_core.package_identification:_identify(source/tutorial) by extensions ['colcon_meta']
[1.695s] Level 1:colcon.colcon_core.package_identification:_identify(source/tutorial) by extension 'colcon_meta'
[1.697s] Level 1:colcon.colcon_core.package_identification:_identify(source/tutorial) by extensions ['ros']
[1.699s] Level 1:colcon.colcon_core.package_identification:_identify(source/tutorial) by extension 'ros'
[1.705s] Level 1:colcon.colcon_core.package_identification:_identify(source/tutorial) by extensions ['cmake', 'python']
[1.706s] Level 1:colcon.colcon_core.package_identification:_identify(source/tutorial) by extension 'cmake'
[1.711s] Level 1:colcon.colcon_core.package_identification:_identify(source/tutorial) by extension 'python'
[1.714s] Level 1:colcon.colcon_core.package_identification:_identify(source/tutorial) by extensions ['python_setup_py']
[1.715s] Level 1:colcon.colcon_core.package_identification:_identify(source/tutorial) by extension 'python_setup_py'
[1.724s] Level 1:colcon.colcon_core.package_identification:_identify(source/tutorial/asset) by extensions ['ignore', 'ignore_ament_install']
[1.725s] Level 1:colcon.colcon_core.package_identification:_identify(source/tutorial/asset) by extension 'ignore'
[1.731s] Level 1:colcon.colcon_core.package_identification:_identify(source/tutorial/asset) by extension 'ignore_ament_install'
[1.734s] Level 1:colcon.colcon_core.package_identification:_identify(source/tutorial/asset) by extensions ['colcon_pkg']
[1.735s] Level 1:colcon.colcon_core.package_identification:_identify(source/tutorial/asset) by extension 'colcon_pkg'
[1.739s] Level 1:colcon.colcon_core.package_identification:_identify(source/tutorial/asset) by extensions ['colcon_meta']
[1.739s] Level 1:colcon.colcon_core.package_identification:_identify(source/tutorial/asset) by extension 'colcon_meta'
[1.743s] Level 1:colcon.colcon_core.package_identification:_identify(source/tutorial/asset) by extensions ['ros']
[1.744s] Level 1:colcon.colcon_core.package_identification:_identify(source/tutorial/asset) by extension 'ros'
[1.749s] Level 1:colcon.colcon_core.package_identification:_identify(source/tutorial/asset) by extensions ['cmake', 'python']
[1.750s] Level 1:colcon.colcon_core.package_identification:_identify(source/tutorial/asset) by extension 'cmake'
[1.754s] Level 1:colcon.colcon_core.package_identification:_identify(source/tutorial/asset) by extension 'python'
[1.757s] Level 1:colcon.colcon_core.package_identification:_identify(source/tutorial/asset) by extensions ['python_setup_py']
[1.757s] Level 1:colcon.colcon_core.package_identification:_identify(source/tutorial/asset) by extension 'python_setup_py'
[1.762s] Level 1:colcon.colcon_core.package_discovery:discover_packages(recursive) using defaults
[1.762s] Level 1:colcon.colcon_core.package_discovery:discover_packages(ignore) discover
[1.764s] Level 1:colcon.colcon_core.package_discovery:discover_packages(ignore) using defaults
[1.766s] Level 1:colcon.colcon_core.package_discovery:discover_packages(path) discover
[1.767s] Level 1:colcon.colcon_core.package_discovery:discover_packages(path) using defaults
[1.770s] WARNING:colcon.colcon_core.package_selection:ignoring unknown package 'bboxes_ex_msgs' in --packages-select
[1.771s] WARNING:colcon.colcon_core.package_selection:ignoring unknown package 'game_msgs' in --packages-select
[1.773s] WARNING:colcon.colcon_core.package_selection:ignoring unknown package 'README.md' in --packages-select
[1.777s] WARNING:colcon.colcon_core.package_selection:ignoring unknown package 'rmctrl_msgs' in --packages-select
[1.828s] Level 1:colcon.colcon_core.package_discovery:discover_packages(prefix_path) check parameters
[1.829s] Level 1:colcon.colcon_core.package_discovery:discover_packages(prefix_path) discover
[1.840s] DEBUG:colcon.colcon_installed_package_information.package_discovery:Found 270 installed packages in /opt/ros/humble
[1.844s] Level 1:colcon.colcon_core.package_discovery:discover_packages(prefix_path) using defaults
[1.910s] INFO:colcon.colcon_core.executor:Executing jobs using 'parallel' executor
[1.915s] DEBUG:colcon.colcon_parallel_executor.executor.parallel:run_until_complete
[1.917s] DEBUG:colcon.colcon_parallel_executor.executor.parallel:closing loop
[1.918s] DEBUG:colcon.colcon_parallel_executor.executor.parallel:loop closed
[1.920s] DEBUG:colcon.colcon_parallel_executor.executor.parallel:run_until_complete finished with '0'
[1.922s] DEBUG:colcon.colcon_core.event_reactor:joining thread
[1.939s] INFO:colcon.colcon_core.plugin_system:Skipping extension 'colcon_notification.desktop_notification.terminal_notifier': Not used on non-Darwin systems
[1.940s] INFO:colcon.colcon_core.plugin_system:Skipping extension 'colcon_notification.desktop_notification.win32': Not used on non-Windows systems
[1.941s] INFO:colcon.colcon_notification.desktop_notification:Sending desktop notification using 'notify2'
[1.969s] DEBUG:colcon.colcon_core.event_reactor:joined thread
[1.995s] INFO:colcon.colcon_core.plugin_system:Skipping extension 'colcon_core.shell.bat': Not used on non-Windows systems
[1.997s] INFO:colcon.colcon_core.shell:Creating prefix script '/mnt/hgfs/bubble/src/bubble_documentation/install/local_setup.ps1'
[2.008s] INFO:colcon.colcon_core.shell:Creating prefix util module '/mnt/hgfs/bubble/src/bubble_documentation/install/_local_setup_util_ps1.py'
[2.021s] INFO:colcon.colcon_core.shell:Creating prefix chain script '/mnt/hgfs/bubble/src/bubble_documentation/install/setup.ps1'
[2.034s] INFO:colcon.colcon_core.shell:Creating prefix script '/mnt/hgfs/bubble/src/bubble_documentation/install/local_setup.sh'
[2.046s] INFO:colcon.colcon_core.shell:Creating prefix util module '/mnt/hgfs/bubble/src/bubble_documentation/install/_local_setup_util_sh.py'
[2.054s] INFO:colcon.colcon_core.shell:Creating prefix chain script '/mnt/hgfs/bubble/src/bubble_documentation/install/setup.sh'
[2.068s] INFO:colcon.colcon_core.shell:Creating prefix script '/mnt/hgfs/bubble/src/bubble_documentation/install/local_setup.bash'
[2.079s] INFO:colcon.colcon_core.shell:Creating prefix chain script '/mnt/hgfs/bubble/src/bubble_documentation/install/setup.bash'
[2.089s] INFO:colcon.colcon_core.shell:Creating prefix script '/mnt/hgfs/bubble/src/bubble_documentation/install/local_setup.zsh'
[2.098s] INFO:colcon.colcon_core.shell:Creating prefix chain script '/mnt/hgfs/bubble/src/bubble_documentation/install/setup.zsh'
